<?xml version="1.0" encoding="UTF-8"?>
<!-- Generated by org.testng.reporters.JUnitReportReporter -->
<testsuite ignored="0" hostname="LAPTOP-I4DKSMBD" failures="0" tests="4" name="FileTest" time="0.000" errors="0" timestamp="17 Jul 2020 23:07:39 GMT" skipped="0">
  <testcase classname="FileTest" name="testGetFilename" time="0.000"/>
  <testcase classname="FileTest" name="testGetFilename" time="0.000"/>
  <testcase classname="FileTest" name="testGetSize" time="0.000"/>
  <testcase classname="FileTest" name="testGetSize" time="0.000"/>
</testsuite> <!-- FileTest -->
