<?xml version="1.0" encoding="UTF-8"?>
<!-- Generated by org.testng.reporters.JUnitXMLReporter -->
<testsuite ignored="0" hostname="LAPTOP-I4DKSMBD" failures="7" tests="42" name="Command line test" time="0.112" errors="0" timestamp="17 Jul 2020 23:07:39 GMT">
  <testcase classname="FileStorageTest" name="testFileStorage" time="0.009"/>
  <testcase classname="FileStorageTest" name="testFileStorage" time="0.0"/>
  <testcase classname="FileStorageTest" name="testFileStorage" time="0.001"/>
  <testcase classname="FileStorageTest" name="testGetFile" time="0.001">
    <failure type="java.lang.AssertionError" message="expected [File@134593bf] but found [null]">
      <![CDATA[java.lang.AssertionError: expected [File@134593bf] but found [null]
	at FileStorageTest.testGetFile(FileStorageTest.java:129)
... Removed 40 stack frames]]>
    </failure>
  </testcase> <!-- testGetFile -->
  <testcase classname="FileStorageTest" name="testGetFile" time="0.0">
    <failure type="java.lang.AssertionError" message="expected [File@3d0f8e03] but found [null]">
      <![CDATA[java.lang.AssertionError: expected [File@3d0f8e03] but found [null]
	at FileStorageTest.testGetFile(FileStorageTest.java:129)
... Removed 40 stack frames]]>
    </failure>
  </testcase> <!-- testGetFile -->
  <testcase classname="FileStorageTest" name="testGetFile" time="0.001">
    <failure type="java.lang.AssertionError" message="expected [File@2698dc7] but found [null]">
      <![CDATA[java.lang.AssertionError: expected [File@2698dc7] but found [null]
	at FileStorageTest.testGetFile(FileStorageTest.java:129)
... Removed 40 stack frames]]>
    </failure>
  </testcase> <!-- testGetFile -->
  <testcase classname="FileTest" name="testGetFilename" time="0.0"/>
  <testcase classname="FileTest" name="testGetFilename" time="0.0"/>
  <testcase classname="FileTest" name="testGetSize" time="0.0"/>
  <testcase classname="FileTest" name="testGetSize" time="0.0"/>
  <testcase classname="TestFile" name="testGetFilename" time="0.0"/>
  <testcase classname="TestFile" name="testGetFilename" time="0.0"/>
  <testcase classname="TestFile" name="testGetSize" time="0.0"/>
  <testcase classname="TestFile" name="testGetSize" time="0.0"/>
  <testcase classname="WriteExceptionTest" name="testWriteFileNullException" time="0.0"/>
  <testcase classname="FileStorageTest" name="testGetFiles" time="0.0"/>
  <testcase classname="FileStorageTest" name="testIsExists" time="0.0"/>
  <testcase classname="FileStorageTest" name="testIsExists" time="0.001"/>
  <testcase classname="FileStorageTest" name="testIsExists" time="0.0"/>
  <testcase classname="FileStorageTest" name="testWrite" time="0.0">
    <failure type="exception.FileNameAlreadyExistsException">
      <![CDATA[exception.FileNameAlreadyExistsException
	at FileStorage.write(FileStorage.java:35)
	at FileStorageTest.testWrite(FileStorageTest.java:91)
... Removed 35 stack frames]]>
    </failure>
  </testcase> <!-- testWrite -->
  <testcase classname="FileStorageTest" name="testWrite" time="0.0">
    <failure type="java.lang.AssertionError" message="expected [true] but found [false]">
      <![CDATA[java.lang.AssertionError: expected [true] but found [false]
	at FileStorageTest.testWrite(FileStorageTest.java:91)
... Removed 39 stack frames]]>
    </failure>
  </testcase> <!-- testWrite -->
  <testcase classname="FileStorageTest" name="testWrite" time="0.0">
    <failure type="exception.FileNameAlreadyExistsException">
      <![CDATA[exception.FileNameAlreadyExistsException
	at FileStorage.write(FileStorage.java:35)
	at FileStorageTest.testWrite(FileStorageTest.java:91)
... Removed 35 stack frames]]>
    </failure>
  </testcase> <!-- testWrite -->
  <testcase classname="FileStorageTest" name="testWriteException" time="0.0"/>
  <testcase classname="FileStorageTest" name="testDelete" time="0.0"/>
  <testcase classname="FileStorageTest" name="testDelete" time="0.0">
    <failure type="java.lang.AssertionError" message="expected [true] but found [false]">
      <![CDATA[java.lang.AssertionError: expected [true] but found [false]
	at FileStorageTest.testDelete(FileStorageTest.java:115)
... Removed 39 stack frames]]>
    </failure>
  </testcase> <!-- testDelete -->
  <testcase classname="TestFileStorage" name="testFileStorage" time="0.001"/>
  <testcase classname="TestFileStorage" name="testFileStorage" time="0.0"/>
  <testcase classname="getFilesTest" name="testWrite" time="0.0"/>
  <testcase classname="getFilesTest" name="testWrite" time="0.001"/>
  <testcase classname="getFilesTest" name="testWrite" time="0.0"/>
  <testcase classname="DeleteAndIsExistTest" name="testWrite" time="0.0"/>
  <testcase classname="DeleteAndIsExistTest" name="testWrite" time="0.0"/>
  <testcase classname="DeleteAndIsExistTest" name="testWrite" time="0.0"/>
  <testcase classname="TestFileStorage" name="testFileStorageException" time="0.0"/>
  <testcase classname="getFilesTest" name="testGetFiles" time="0.001"/>
  <testcase classname="DeleteAndIsExistTest" name="testIsExists" time="0.001"/>
  <testcase classname="DeleteAndIsExistTest" name="testIsExists" time="0.0"/>
  <testcase classname="DeleteAndIsExistTest" name="testIsExists" time="0.0"/>
  <testcase classname="getFilesTest" name="testGetFile" time="0.0"/>
  <testcase classname="getFilesTest" name="testGetFile" time="0.0"/>
  <testcase classname="getFilesTest" name="testGetFile" time="0.0"/>
  <testcase classname="DeleteAndIsExistTest" name="testDelete" time="0.0"/>
</testsuite> <!-- Command line test -->
