<?xml version="1.0" encoding="UTF-8" ?>
<testsuite tests="42" failures="7" name="TestSuite" time="0.03" errors="0" skipped="0">
  <properties>
[...]
</properties>
  <testcase classname="FileStorageTest" name="testFileStorage" time="0.01"/>
  <testcase classname="FileStorageTest" name="testFileStorage" time="0.001"/>
  <testcase classname="FileStorageTest" name="testFileStorage" time="0"/>
  <testcase classname="FileStorageTest" name="testGetFile" time="0.005">
    <failure message="expected [File@134593bf] but found [null]" type="java.lang.AssertionError">java.lang.AssertionError: expected [File@134593bf] but found [null]
	at org.testng.Assert.fail(Assert.java:94)
	at org.testng.Assert.failNotEquals(Assert.java:513)
	at org.testng.Assert.assertEqualsImpl(Assert.java:130)
	at org.testng.Assert.assertEquals(Assert.java:116)
	at org.testng.Assert.assertEquals(Assert.java:179)
	at FileStorageTest.testGetFile(FileStorageTest.java:129)
</failure>
  </testcase>
  <testcase classname="FileStorageTest" name="testGetFile" time="0.002">
    <failure message="expected [File@3d0f8e03] but found [null]" type="java.lang.AssertionError">java.lang.AssertionError: expected [File@3d0f8e03] but found [null]
	at org.testng.Assert.fail(Assert.java:94)
	at org.testng.Assert.failNotEquals(Assert.java:513)
	at org.testng.Assert.assertEqualsImpl(Assert.java:130)
	at org.testng.Assert.assertEquals(Assert.java:116)
	at org.testng.Assert.assertEquals(Assert.java:179)
	at FileStorageTest.testGetFile(FileStorageTest.java:129)
</failure>
  </testcase>
  <testcase classname="FileStorageTest" name="testGetFile" time="0.001">
    <failure message="expected [File@2698dc7] but found [null]" type="java.lang.AssertionError">java.lang.AssertionError: expected [File@2698dc7] but found [null]
	at org.testng.Assert.fail(Assert.java:94)
	at org.testng.Assert.failNotEquals(Assert.java:513)
	at org.testng.Assert.assertEqualsImpl(Assert.java:130)
	at org.testng.Assert.assertEquals(Assert.java:116)
	at org.testng.Assert.assertEquals(Assert.java:179)
	at FileStorageTest.testGetFile(FileStorageTest.java:129)
</failure>
  </testcase>
  <testcase classname="FileTest" name="testGetFilename" time="0"/>
  <testcase classname="FileTest" name="testGetFilename" time="0"/>
  <testcase classname="FileTest" name="testGetSize" time="0"/>
  <testcase classname="FileTest" name="testGetSize" time="0"/>
  <testcase classname="TestFile" name="testGetFilename" time="0.001"/>
  <testcase classname="TestFile" name="testGetFilename" time="0"/>
  <testcase classname="TestFile" name="testGetSize" time="0"/>
  <testcase classname="TestFile" name="testGetSize" time="0"/>
  <testcase classname="WriteExceptionTest" name="testWriteFileNullException" time="0"/>
  <testcase classname="FileStorageTest" name="testGetFiles" time="0"/>
  <testcase classname="FileStorageTest" name="testIsExists" time="0"/>
  <testcase classname="FileStorageTest" name="testIsExists" time="0.001"/>
  <testcase classname="FileStorageTest" name="testIsExists" time="0"/>
  <testcase classname="FileStorageTest" name="testWrite" time="0.002">
    <failure type="exception.FileNameAlreadyExistsException">exception.FileNameAlreadyExistsException
	at FileStorage.write(FileStorage.java:35)
	at FileStorageTest.testWrite(FileStorageTest.java:91)
</failure>
    <system-out>AA
</system-out>
  </testcase>
  <testcase classname="FileStorageTest" name="testWrite" time="0.001">
    <failure message="expected [true] but found [false]" type="java.lang.AssertionError">java.lang.AssertionError: expected [true] but found [false]
	at org.testng.Assert.fail(Assert.java:94)
	at org.testng.Assert.failNotEquals(Assert.java:513)
	at org.testng.Assert.assertTrue(Assert.java:42)
	at org.testng.Assert.assertTrue(Assert.java:52)
	at FileStorageTest.testWrite(FileStorageTest.java:91)
</failure>
  </testcase>
  <testcase classname="FileStorageTest" name="testWrite" time="0.001">
    <failure type="exception.FileNameAlreadyExistsException">exception.FileNameAlreadyExistsException
	at FileStorage.write(FileStorage.java:35)
	at FileStorageTest.testWrite(FileStorageTest.java:91)
</failure>
    <system-out>@D:\JDK-intellij-downloader-info.txt
</system-out>
  </testcase>
  <testcase classname="FileStorageTest" name="testWriteException" time="0.001"/>
  <testcase classname="FileStorageTest" name="testDelete" time="0.001"/>
  <testcase classname="FileStorageTest" name="testDelete" time="0.001">
    <failure message="expected [true] but found [false]" type="java.lang.AssertionError">java.lang.AssertionError: expected [true] but found [false]
	at org.testng.Assert.fail(Assert.java:94)
	at org.testng.Assert.failNotEquals(Assert.java:513)
	at org.testng.Assert.assertTrue(Assert.java:42)
	at org.testng.Assert.assertTrue(Assert.java:52)
	at FileStorageTest.testDelete(FileStorageTest.java:115)
</failure>
  </testcase>
  <testcase classname="TestFileStorage" name="testFileStorage" time="0"/>
  <testcase classname="TestFileStorage" name="testFileStorage" time="0"/>
  <testcase classname="getFilesTest" name="testWrite" time="0"/>
  <testcase classname="getFilesTest" name="testWrite" time="0"/>
  <testcase classname="getFilesTest" name="testWrite" time="0"/>
  <testcase classname="DeleteAndIsExistTest" name="testWrite" time="0"/>
  <testcase classname="DeleteAndIsExistTest" name="testWrite" time="0"/>
  <testcase classname="DeleteAndIsExistTest" name="testWrite" time="0"/>
  <testcase classname="TestFileStorage" name="testFileStorageException" time="0"/>
  <testcase classname="getFilesTest" name="testGetFiles" time="0"/>
  <testcase classname="DeleteAndIsExistTest" name="testIsExists" time="0"/>
  <testcase classname="DeleteAndIsExistTest" name="testIsExists" time="0.001"/>
  <testcase classname="DeleteAndIsExistTest" name="testIsExists" time="0"/>
  <testcase classname="getFilesTest" name="testGetFile" time="0.001"/>
  <testcase classname="getFilesTest" name="testGetFile" time="0"/>
  <testcase classname="getFilesTest" name="testGetFile" time="0"/>
  <testcase classname="DeleteAndIsExistTest" name="testDelete" time="0"/>
</testsuite>